<?xml version='1.0' encoding='UTF-8' ?>
<testsuite name="com.yp2048.repositories.MainScreenInstrumentedTest" tests="1" failures="1" errors="0" skipped="0" time="1.735" timestamp="2024-05-20T02:13:00" hostname="localhost">
  <properties>
    <property name="device" value="M2011K2C - 13" />
    <property name="flavor" value="" />
    <property name="project" value=":app" />
  </properties>
  <testcase name="test_MainScreen_takePicture_navigatesToMenu" classname="com.yp2048.repositories.MainScreenInstrumentedTest" time="1.162">
    <failure>java.lang.AssertionError: Assert failed: The component is not displayed!
at androidx.compose.ui.test.AssertionsKt.assertIsDisplayed(Assertions.kt:34)
at com.yp2048.repositories.MainScreenInstrumentedTest.test_MainScreen_takePicture_navigatesToMenu(MainScreenInstrumentedTest.kt:47)
</failure>
  </testcase>
</testsuite>